rsync: link_stat "/scratch/van/cas9/torchmd/scratch/van/cas9/torchmd" failed: No such file or directory (2)
rsync: link_stat "/scratch/van/cas9/torchmd/scratch/van/cas9/torchmd/input" failed: No such file or directory (2)
rsync: link_stat "/scratch/van/cas9/torchmd/scratch/van/cas9/torchmd/mt-0729" failed: No such file or directory (2)
rsync: link_stat "/scratch/van/cas9/torchmd/scratch/van/cas9/torchmd/mt-0729/25" failed: No such file or directory (2)
rsync: link_stat "/scratch/van/cas9/torchmd/scratch/van/cas9/torchmd/mt-0729/30" failed: No such file or directory (2)
rsync: link_stat "/scratch/van/cas9/torchmd/scratch/van/cas9/torchmd/mt-0729/23" failed: No such file or directory (2)
rsync: link_stat "/scratch/van/cas9/torchmd/scratch/van/cas9/torchmd/mt-0729/38" failed: No such file or directory (2)
rsync: link_stat "/scratch/van/cas9/torchmd/scratch/van/cas9/torchmd/mt-0729/37" failed: No such file or directory (2)
rsync: link_stat "/scratch/van/cas9/torchmd/scratch/van/cas9/torchmd/mt-0729/08" failed: No such file or directory (2)
rsync error: some files/attrs were not transferred (see previous errors) (code 23) at main.c(1179) [sender=3.1.2]
rsync: link_stat "/scratch/van/cas9/torchmd/scratch/van/cas9/torchmd/mt-0729/input" failed: No such file or directory (2)
rsync: link_stat "/scratch/van/cas9/torchmd/scratch/van/cas9/torchmd/mt-0729/33" failed: No such file or directory (2)
rsync: link_stat "/scratch/van/cas9/torchmd/scratch/van/cas9/torchmd/mt-0729/29" failed: No such file or directory (2)
rsync: link_stat "/scratch/van/cas9/torchmd/scratch/van/cas9/torchmd/mt-0729/27" failed: No such file or directory (2)
rsync: link_stat "/scratch/van/cas9/torchmd/scratch/van/cas9/torchmd/mt-0729/40" failed: No such file or directory (2)
rsync: link_stat "/scratch/van/cas9/torchmd/scratch/van/cas9/torchmd/mt-0729/35" failed: No such file or directory (2)
rsync: link_stat "/scratch/van/cas9/torchmd/scratch/van/cas9/torchmd/mt-0729/12" failed: No such file or directory (2)
rsync: link_stat "/scratch/van/cas9/torchmd/scratch/van/cas9/torchmd/mt-0729/18" failed: No such file or directory (2)
rsync: link_stat "/scratch/van/cas9/torchmd/scratch/van/cas9/torchmd/mt-0729/41" failed: No such file or directory (2)
rsync error: some files/attrs were not transferred (see previous errors) (code 23) at main.c(1179) [sender=3.1.2]
rsync: link_stat "/scratch/van/cas9/torchmd/scratch/van/cas9/torchmd/mt-0729/11" failed: No such file or directory (2)
rsync: link_stat "/scratch/van/cas9/torchmd/scratch/van/cas9/torchmd/mt-0729/24" failed: No such file or directory (2)
rsync: link_stat "/scratch/van/cas9/torchmd/scratch/van/cas9/torchmd/mt-0729/04" failed: No such file or directory (2)
rsync: link_stat "/scratch/van/cas9/torchmd/scratch/van/cas9/torchmd/mt-0729/17" failed: No such file or directory (2)
rsync: link_stat "/scratch/van/cas9/torchmd/scratch/van/cas9/torchmd/mt-0729/22" failed: No such file or directory (2)
rsync: link_stat "/scratch/van/cas9/torchmd/scratch/van/cas9/torchmd/mt-0729/log" failed: No such file or directory (2)
rsync: link_stat "/scratch/van/cas9/torchmd/scratch/van/cas9/torchmd/mt-0729/mbar" failed: No such file or directory (2)
rsync: link_stat "/scratch/van/cas9/torchmd/scratch/van/cas9/torchmd/mt-0729/10" failed: No such file or directory (2)
rsync: link_stat "/scratch/van/cas9/torchmd/scratch/van/cas9/torchmd/mt-0729/00" failed: No such file or directory (2)
rsync error: some files/attrs were not transferred (see previous errors) (code 23) at main.c(1179) [sender=3.1.2]
rsync: link_stat "/scratch/van/cas9/torchmd/scratch/van/cas9/torchmd/mt-0729/14" failed: No such file or directory (2)
rsync: link_stat "/scratch/van/cas9/torchmd/scratch/van/cas9/torchmd/mt-0729/36" failed: No such file or directory (2)
rsync: link_stat "/scratch/van/cas9/torchmd/scratch/van/cas9/torchmd/mt-0729/02" failed: No such file or directory (2)
rsync: link_stat "/scratch/van/cas9/torchmd/scratch/van/cas9/torchmd/mt-0729/20" failed: No such file or directory (2)
rsync: link_stat "/scratch/van/cas9/torchmd/scratch/van/cas9/torchmd/mt-0729/01" failed: No such file or directory (2)
rsync: link_stat "/scratch/van/cas9/torchmd/scratch/van/cas9/torchmd/mt-0729/16" failed: No such file or directory (2)
rsync: link_stat "/scratch/van/cas9/torchmd/scratch/van/cas9/torchmd/mt-0729/31" failed: No such file or directory (2)
rsync: link_stat "/scratch/van/cas9/torchmd/scratch/van/cas9/torchmd/mt-0729/19" failed: No such file or directory (2)
rsync: link_stat "/scratch/van/cas9/torchmd/scratch/van/cas9/torchmd/mt-0729/21" failed: No such file or directory (2)
rsync error: some files/attrs were not transferred (see previous errors) (code 23) at main.c(1179) [sender=3.1.2]
rsync: link_stat "/scratch/van/cas9/torchmd/scratch/van/cas9/torchmd/mt-0729/39" failed: No such file or directory (2)
rsync: link_stat "/scratch/van/cas9/torchmd/scratch/van/cas9/torchmd/mt-0729/34" failed: No such file or directory (2)
rsync: link_stat "/scratch/van/cas9/torchmd/scratch/van/cas9/torchmd/mt-0729/26" failed: No such file or directory (2)
rsync: link_stat "/scratch/van/cas9/torchmd/scratch/van/cas9/torchmd/mt-0729/03" failed: No such file or directory (2)
rsync: link_stat "/scratch/van/cas9/torchmd/scratch/van/cas9/torchmd/mt-0729/06" failed: No such file or directory (2)
rsync: link_stat "/scratch/van/cas9/torchmd/scratch/van/cas9/torchmd/mt-0729/05" failed: No such file or directory (2)
rsync: link_stat "/scratch/van/cas9/torchmd/scratch/van/cas9/torchmd/mt-0729/13" failed: No such file or directory (2)
rsync: link_stat "/scratch/van/cas9/torchmd/scratch/van/cas9/torchmd/mt-0729/07" failed: No such file or directory (2)
rsync: link_stat "/scratch/van/cas9/torchmd/scratch/van/cas9/torchmd/mt-0729/09" failed: No such file or directory (2)
rsync error: some files/attrs were not transferred (see previous errors) (code 23) at main.c(1179) [sender=3.1.2]
rsync: link_stat "/scratch/van/cas9/torchmd/scratch/van/cas9/torchmd/mt-0729/15" failed: No such file or directory (2)
rsync: link_stat "/scratch/van/cas9/torchmd/scratch/van/cas9/torchmd/mt-0729/28" failed: No such file or directory (2)
rsync: link_stat "/scratch/van/cas9/torchmd/scratch/van/cas9/torchmd/mt-0729/32" failed: No such file or directory (2)
rsync: link_stat "/scratch/van/cas9/torchmd/scratch/van/cas9/torchmd/ref" failed: No such file or directory (2)
rsync: link_stat "/scratch/van/cas9/torchmd/scratch/van/cas9/torchmd/mt-2139" failed: No such file or directory (2)
rsync: link_stat "/scratch/van/cas9/torchmd/scratch/van/cas9/torchmd/mt-2139/25" failed: No such file or directory (2)
rsync: link_stat "/scratch/van/cas9/torchmd/scratch/van/cas9/torchmd/mt-2139/30" failed: No such file or directory (2)
rsync: link_stat "/scratch/van/cas9/torchmd/scratch/van/cas9/torchmd/mt-2139/23" failed: No such file or directory (2)
rsync: link_stat "/scratch/van/cas9/torchmd/scratch/van/cas9/torchmd/mt-2139/38" failed: No such file or directory (2)
rsync error: some files/attrs were not transferred (see previous errors) (code 23) at main.c(1179) [sender=3.1.2]
rsync: link_stat "/scratch/van/cas9/torchmd/scratch/van/cas9/torchmd/mt-2139/37" failed: No such file or directory (2)
rsync: link_stat "/scratch/van/cas9/torchmd/scratch/van/cas9/torchmd/mt-2139/08" failed: No such file or directory (2)
rsync: link_stat "/scratch/van/cas9/torchmd/scratch/van/cas9/torchmd/mt-2139/input" failed: No such file or directory (2)
rsync: link_stat "/scratch/van/cas9/torchmd/scratch/van/cas9/torchmd/mt-2139/33" failed: No such file or directory (2)
rsync: link_stat "/scratch/van/cas9/torchmd/scratch/van/cas9/torchmd/mt-2139/29" failed: No such file or directory (2)
rsync: link_stat "/scratch/van/cas9/torchmd/scratch/van/cas9/torchmd/mt-2139/27" failed: No such file or directory (2)
rsync: link_stat "/scratch/van/cas9/torchmd/scratch/van/cas9/torchmd/mt-2139/40" failed: No such file or directory (2)
rsync: link_stat "/scratch/van/cas9/torchmd/scratch/van/cas9/torchmd/mt-2139/35" failed: No such file or directory (2)
rsync: link_stat "/scratch/van/cas9/torchmd/scratch/van/cas9/torchmd/mt-2139/12" failed: No such file or directory (2)
rsync error: some files/attrs were not transferred (see previous errors) (code 23) at main.c(1179) [sender=3.1.2]
rsync: link_stat "/scratch/van/cas9/torchmd/scratch/van/cas9/torchmd/mt-2139/18" failed: No such file or directory (2)
rsync: link_stat "/scratch/van/cas9/torchmd/scratch/van/cas9/torchmd/mt-2139/41" failed: No such file or directory (2)
rsync: link_stat "/scratch/van/cas9/torchmd/scratch/van/cas9/torchmd/mt-2139/11" failed: No such file or directory (2)
rsync: link_stat "/scratch/van/cas9/torchmd/scratch/van/cas9/torchmd/mt-2139/24" failed: No such file or directory (2)
rsync: link_stat "/scratch/van/cas9/torchmd/scratch/van/cas9/torchmd/mt-2139/04" failed: No such file or directory (2)
rsync: link_stat "/scratch/van/cas9/torchmd/scratch/van/cas9/torchmd/mt-2139/17" failed: No such file or directory (2)
rsync: link_stat "/scratch/van/cas9/torchmd/scratch/van/cas9/torchmd/mt-2139/22" failed: No such file or directory (2)
rsync: link_stat "/scratch/van/cas9/torchmd/scratch/van/cas9/torchmd/mt-2139/mbar" failed: No such file or directory (2)
rsync: link_stat "/scratch/van/cas9/torchmd/scratch/van/cas9/torchmd/mt-2139/10" failed: No such file or directory (2)
rsync error: some files/attrs were not transferred (see previous errors) (code 23) at main.c(1179) [sender=3.1.2]
rsync: link_stat "/scratch/van/cas9/torchmd/scratch/van/cas9/torchmd/mt-2139/00" failed: No such file or directory (2)
rsync: link_stat "/scratch/van/cas9/torchmd/scratch/van/cas9/torchmd/mt-2139/14" failed: No such file or directory (2)
rsync: link_stat "/scratch/van/cas9/torchmd/scratch/van/cas9/torchmd/mt-2139/36" failed: No such file or directory (2)
rsync: link_stat "/scratch/van/cas9/torchmd/scratch/van/cas9/torchmd/mt-2139/02" failed: No such file or directory (2)
rsync: link_stat "/scratch/van/cas9/torchmd/scratch/van/cas9/torchmd/mt-2139/20" failed: No such file or directory (2)
rsync: link_stat "/scratch/van/cas9/torchmd/scratch/van/cas9/torchmd/mt-2139/01" failed: No such file or directory (2)
rsync: link_stat "/scratch/van/cas9/torchmd/scratch/van/cas9/torchmd/mt-2139/16" failed: No such file or directory (2)
rsync: link_stat "/scratch/van/cas9/torchmd/scratch/van/cas9/torchmd/mt-2139/31" failed: No such file or directory (2)
rsync: link_stat "/scratch/van/cas9/torchmd/scratch/van/cas9/torchmd/mt-2139/19" failed: No such file or directory (2)
rsync error: some files/attrs were not transferred (see previous errors) (code 23) at main.c(1179) [sender=3.1.2]
rsync: link_stat "/scratch/van/cas9/torchmd/scratch/van/cas9/torchmd/mt-2139/21" failed: No such file or directory (2)
rsync: link_stat "/scratch/van/cas9/torchmd/scratch/van/cas9/torchmd/mt-2139/39" failed: No such file or directory (2)
rsync: link_stat "/scratch/van/cas9/torchmd/scratch/van/cas9/torchmd/mt-2139/34" failed: No such file or directory (2)
rsync: link_stat "/scratch/van/cas9/torchmd/scratch/van/cas9/torchmd/mt-2139/26" failed: No such file or directory (2)
rsync: link_stat "/scratch/van/cas9/torchmd/scratch/van/cas9/torchmd/mt-2139/03" failed: No such file or directory (2)
rsync: link_stat "/scratch/van/cas9/torchmd/scratch/van/cas9/torchmd/mt-2139/06" failed: No such file or directory (2)
rsync: link_stat "/scratch/van/cas9/torchmd/scratch/van/cas9/torchmd/mt-2139/05" failed: No such file or directory (2)
rsync: link_stat "/scratch/van/cas9/torchmd/scratch/van/cas9/torchmd/mt-2139/13" failed: No such file or directory (2)
rsync: link_stat "/scratch/van/cas9/torchmd/scratch/van/cas9/torchmd/mt-2139/07" failed: No such file or directory (2)
rsync error: some files/attrs were not transferred (see previous errors) (code 23) at main.c(1179) [sender=3.1.2]
rsync: link_stat "/scratch/van/cas9/torchmd/scratch/van/cas9/torchmd/mt-2139/09" failed: No such file or directory (2)
rsync: link_stat "/scratch/van/cas9/torchmd/scratch/van/cas9/torchmd/mt-2139/15" failed: No such file or directory (2)
rsync: link_stat "/scratch/van/cas9/torchmd/scratch/van/cas9/torchmd/mt-2139/28" failed: No such file or directory (2)
rsync: link_stat "/scratch/van/cas9/torchmd/scratch/van/cas9/torchmd/mt-2139/32" failed: No such file or directory (2)
rsync: link_stat "/scratch/van/cas9/torchmd/scratch/van/cas9/torchmd/wt-1449" failed: No such file or directory (2)
rsync: link_stat "/scratch/van/cas9/torchmd/scratch/van/cas9/torchmd/wt-1449/25" failed: No such file or directory (2)
rsync: link_stat "/scratch/van/cas9/torchmd/scratch/van/cas9/torchmd/wt-1449/30" failed: No such file or directory (2)
rsync: link_stat "/scratch/van/cas9/torchmd/scratch/van/cas9/torchmd/wt-1449/23" failed: No such file or directory (2)
rsync: link_stat "/scratch/van/cas9/torchmd/scratch/van/cas9/torchmd/wt-1449/38" failed: No such file or directory (2)
rsync error: some files/attrs were not transferred (see previous errors) (code 23) at main.c(1179) [sender=3.1.2]
rsync: link_stat "/scratch/van/cas9/torchmd/scratch/van/cas9/torchmd/wt-1449/37" failed: No such file or directory (2)
rsync: link_stat "/scratch/van/cas9/torchmd/scratch/van/cas9/torchmd/wt-1449/08" failed: No such file or directory (2)
rsync: link_stat "/scratch/van/cas9/torchmd/scratch/van/cas9/torchmd/wt-1449/input" failed: No such file or directory (2)
rsync: link_stat "/scratch/van/cas9/torchmd/scratch/van/cas9/torchmd/wt-1449/33" failed: No such file or directory (2)
rsync: link_stat "/scratch/van/cas9/torchmd/scratch/van/cas9/torchmd/wt-1449/29" failed: No such file or directory (2)
rsync: link_stat "/scratch/van/cas9/torchmd/scratch/van/cas9/torchmd/wt-1449/27" failed: No such file or directory (2)
rsync: link_stat "/scratch/van/cas9/torchmd/scratch/van/cas9/torchmd/wt-1449/40" failed: No such file or directory (2)
rsync: link_stat "/scratch/van/cas9/torchmd/scratch/van/cas9/torchmd/wt-1449/35" failed: No such file or directory (2)
rsync: link_stat "/scratch/van/cas9/torchmd/scratch/van/cas9/torchmd/wt-1449/12" failed: No such file or directory (2)
rsync error: some files/attrs were not transferred (see previous errors) (code 23) at main.c(1179) [sender=3.1.2]
rsync: link_stat "/scratch/van/cas9/torchmd/scratch/van/cas9/torchmd/wt-1449/18" failed: No such file or directory (2)
rsync: link_stat "/scratch/van/cas9/torchmd/scratch/van/cas9/torchmd/wt-1449/41" failed: No such file or directory (2)
rsync: link_stat "/scratch/van/cas9/torchmd/scratch/van/cas9/torchmd/wt-1449/11" failed: No such file or directory (2)
rsync: link_stat "/scratch/van/cas9/torchmd/scratch/van/cas9/torchmd/wt-1449/24" failed: No such file or directory (2)
rsync: link_stat "/scratch/van/cas9/torchmd/scratch/van/cas9/torchmd/wt-1449/04" failed: No such file or directory (2)
rsync: link_stat "/scratch/van/cas9/torchmd/scratch/van/cas9/torchmd/wt-1449/17" failed: No such file or directory (2)
rsync: link_stat "/scratch/van/cas9/torchmd/scratch/van/cas9/torchmd/wt-1449/22" failed: No such file or directory (2)
rsync: link_stat "/scratch/van/cas9/torchmd/scratch/van/cas9/torchmd/wt-1449/mbar" failed: No such file or directory (2)
rsync: link_stat "/scratch/van/cas9/torchmd/scratch/van/cas9/torchmd/wt-1449/10" failed: No such file or directory (2)
rsync error: some files/attrs were not transferred (see previous errors) (code 23) at main.c(1179) [sender=3.1.2]
rsync: link_stat "/scratch/van/cas9/torchmd/scratch/van/cas9/torchmd/wt-1449/00" failed: No such file or directory (2)
rsync: link_stat "/scratch/van/cas9/torchmd/scratch/van/cas9/torchmd/wt-1449/14" failed: No such file or directory (2)
rsync: link_stat "/scratch/van/cas9/torchmd/scratch/van/cas9/torchmd/wt-1449/36" failed: No such file or directory (2)
rsync: link_stat "/scratch/van/cas9/torchmd/scratch/van/cas9/torchmd/wt-1449/02" failed: No such file or directory (2)
rsync: link_stat "/scratch/van/cas9/torchmd/scratch/van/cas9/torchmd/wt-1449/20" failed: No such file or directory (2)
rsync: link_stat "/scratch/van/cas9/torchmd/scratch/van/cas9/torchmd/wt-1449/01" failed: No such file or directory (2)
rsync: link_stat "/scratch/van/cas9/torchmd/scratch/van/cas9/torchmd/wt-1449/16" failed: No such file or directory (2)
rsync: link_stat "/scratch/van/cas9/torchmd/scratch/van/cas9/torchmd/wt-1449/31" failed: No such file or directory (2)
rsync: link_stat "/scratch/van/cas9/torchmd/scratch/van/cas9/torchmd/wt-1449/19" failed: No such file or directory (2)
rsync error: some files/attrs were not transferred (see previous errors) (code 23) at main.c(1179) [sender=3.1.2]
rsync: link_stat "/scratch/van/cas9/torchmd/scratch/van/cas9/torchmd/wt-1449/21" failed: No such file or directory (2)
rsync: link_stat "/scratch/van/cas9/torchmd/scratch/van/cas9/torchmd/wt-1449/39" failed: No such file or directory (2)
rsync: link_stat "/scratch/van/cas9/torchmd/scratch/van/cas9/torchmd/wt-1449/34" failed: No such file or directory (2)
rsync: link_stat "/scratch/van/cas9/torchmd/scratch/van/cas9/torchmd/wt-1449/26" failed: No such file or directory (2)
rsync: link_stat "/scratch/van/cas9/torchmd/scratch/van/cas9/torchmd/wt-1449/03" failed: No such file or directory (2)
rsync: link_stat "/scratch/van/cas9/torchmd/scratch/van/cas9/torchmd/wt-1449/06" failed: No such file or directory (2)
rsync: link_stat "/scratch/van/cas9/torchmd/scratch/van/cas9/torchmd/wt-1449/05" failed: No such file or directory (2)
rsync: link_stat "/scratch/van/cas9/torchmd/scratch/van/cas9/torchmd/wt-1449/13" failed: No such file or directory (2)
rsync: link_stat "/scratch/van/cas9/torchmd/scratch/van/cas9/torchmd/wt-1449/07" failed: No such file or directory (2)
rsync error: some files/attrs were not transferred (see previous errors) (code 23) at main.c(1179) [sender=3.1.2]
rsync: link_stat "/scratch/van/cas9/torchmd/scratch/van/cas9/torchmd/wt-1449/09" failed: No such file or directory (2)
rsync: link_stat "/scratch/van/cas9/torchmd/scratch/van/cas9/torchmd/wt-1449/15" failed: No such file or directory (2)
rsync: link_stat "/scratch/van/cas9/torchmd/scratch/van/cas9/torchmd/wt-1449/28" failed: No such file or directory (2)
rsync: link_stat "/scratch/van/cas9/torchmd/scratch/van/cas9/torchmd/wt-1449/32" failed: No such file or directory (2)
rsync: link_stat "/scratch/van/cas9/torchmd/scratch/van/cas9/torchmd/wt-2139" failed: No such file or directory (2)
rsync: link_stat "/scratch/van/cas9/torchmd/scratch/van/cas9/torchmd/wt-2139/25" failed: No such file or directory (2)
rsync: link_stat "/scratch/van/cas9/torchmd/scratch/van/cas9/torchmd/wt-2139/30" failed: No such file or directory (2)
rsync: link_stat "/scratch/van/cas9/torchmd/scratch/van/cas9/torchmd/wt-2139/23" failed: No such file or directory (2)
rsync: link_stat "/scratch/van/cas9/torchmd/scratch/van/cas9/torchmd/wt-2139/38" failed: No such file or directory (2)
rsync error: some files/attrs were not transferred (see previous errors) (code 23) at main.c(1179) [sender=3.1.2]
rsync: link_stat "/scratch/van/cas9/torchmd/scratch/van/cas9/torchmd/wt-2139/37" failed: No such file or directory (2)
rsync: link_stat "/scratch/van/cas9/torchmd/scratch/van/cas9/torchmd/wt-2139/08" failed: No such file or directory (2)
rsync: link_stat "/scratch/van/cas9/torchmd/scratch/van/cas9/torchmd/wt-2139/input" failed: No such file or directory (2)
rsync: link_stat "/scratch/van/cas9/torchmd/scratch/van/cas9/torchmd/wt-2139/33" failed: No such file or directory (2)
rsync: link_stat "/scratch/van/cas9/torchmd/scratch/van/cas9/torchmd/wt-2139/29" failed: No such file or directory (2)
rsync: link_stat "/scratch/van/cas9/torchmd/scratch/van/cas9/torchmd/wt-2139/27" failed: No such file or directory (2)
rsync: link_stat "/scratch/van/cas9/torchmd/scratch/van/cas9/torchmd/wt-2139/40" failed: No such file or directory (2)
rsync: link_stat "/scratch/van/cas9/torchmd/scratch/van/cas9/torchmd/wt-2139/35" failed: No such file or directory (2)
rsync: link_stat "/scratch/van/cas9/torchmd/scratch/van/cas9/torchmd/wt-2139/12" failed: No such file or directory (2)
rsync error: some files/attrs were not transferred (see previous errors) (code 23) at main.c(1179) [sender=3.1.2]
rsync: link_stat "/scratch/van/cas9/torchmd/scratch/van/cas9/torchmd/wt-2139/18" failed: No such file or directory (2)
rsync: link_stat "/scratch/van/cas9/torchmd/scratch/van/cas9/torchmd/wt-2139/41" failed: No such file or directory (2)
rsync: link_stat "/scratch/van/cas9/torchmd/scratch/van/cas9/torchmd/wt-2139/11" failed: No such file or directory (2)
rsync: link_stat "/scratch/van/cas9/torchmd/scratch/van/cas9/torchmd/wt-2139/24" failed: No such file or directory (2)
rsync: link_stat "/scratch/van/cas9/torchmd/scratch/van/cas9/torchmd/wt-2139/04" failed: No such file or directory (2)
rsync: link_stat "/scratch/van/cas9/torchmd/scratch/van/cas9/torchmd/wt-2139/17" failed: No such file or directory (2)
rsync: link_stat "/scratch/van/cas9/torchmd/scratch/van/cas9/torchmd/wt-2139/22" failed: No such file or directory (2)
rsync: link_stat "/scratch/van/cas9/torchmd/scratch/van/cas9/torchmd/wt-2139/mbar" failed: No such file or directory (2)
rsync: link_stat "/scratch/van/cas9/torchmd/scratch/van/cas9/torchmd/wt-2139/10" failed: No such file or directory (2)
rsync error: some files/attrs were not transferred (see previous errors) (code 23) at main.c(1179) [sender=3.1.2]
rsync: link_stat "/scratch/van/cas9/torchmd/scratch/van/cas9/torchmd/wt-2139/00" failed: No such file or directory (2)
rsync: link_stat "/scratch/van/cas9/torchmd/scratch/van/cas9/torchmd/wt-2139/14" failed: No such file or directory (2)
rsync: link_stat "/scratch/van/cas9/torchmd/scratch/van/cas9/torchmd/wt-2139/36" failed: No such file or directory (2)
rsync: link_stat "/scratch/van/cas9/torchmd/scratch/van/cas9/torchmd/wt-2139/02" failed: No such file or directory (2)
rsync: link_stat "/scratch/van/cas9/torchmd/scratch/van/cas9/torchmd/wt-2139/20" failed: No such file or directory (2)
rsync: link_stat "/scratch/van/cas9/torchmd/scratch/van/cas9/torchmd/wt-2139/01" failed: No such file or directory (2)
rsync: link_stat "/scratch/van/cas9/torchmd/scratch/van/cas9/torchmd/wt-2139/16" failed: No such file or directory (2)
rsync: link_stat "/scratch/van/cas9/torchmd/scratch/van/cas9/torchmd/wt-2139/31" failed: No such file or directory (2)
rsync: link_stat "/scratch/van/cas9/torchmd/scratch/van/cas9/torchmd/wt-2139/19" failed: No such file or directory (2)
rsync error: some files/attrs were not transferred (see previous errors) (code 23) at main.c(1179) [sender=3.1.2]
rsync: link_stat "/scratch/van/cas9/torchmd/scratch/van/cas9/torchmd/wt-2139/21" failed: No such file or directory (2)
rsync: link_stat "/scratch/van/cas9/torchmd/scratch/van/cas9/torchmd/wt-2139/39" failed: No such file or directory (2)
rsync: link_stat "/scratch/van/cas9/torchmd/scratch/van/cas9/torchmd/wt-2139/34" failed: No such file or directory (2)
rsync: link_stat "/scratch/van/cas9/torchmd/scratch/van/cas9/torchmd/wt-2139/26" failed: No such file or directory (2)
rsync: link_stat "/scratch/van/cas9/torchmd/scratch/van/cas9/torchmd/wt-2139/03" failed: No such file or directory (2)
rsync: link_stat "/scratch/van/cas9/torchmd/scratch/van/cas9/torchmd/wt-2139/06" failed: No such file or directory (2)
rsync: link_stat "/scratch/van/cas9/torchmd/scratch/van/cas9/torchmd/wt-2139/05" failed: No such file or directory (2)
rsync: link_stat "/scratch/van/cas9/torchmd/scratch/van/cas9/torchmd/wt-2139/13" failed: No such file or directory (2)
rsync: link_stat "/scratch/van/cas9/torchmd/scratch/van/cas9/torchmd/wt-2139/07" failed: No such file or directory (2)
rsync error: some files/attrs were not transferred (see previous errors) (code 23) at main.c(1179) [sender=3.1.2]
rsync: link_stat "/scratch/van/cas9/torchmd/scratch/van/cas9/torchmd/wt-2139/09" failed: No such file or directory (2)
rsync: link_stat "/scratch/van/cas9/torchmd/scratch/van/cas9/torchmd/wt-2139/15" failed: No such file or directory (2)
rsync: link_stat "/scratch/van/cas9/torchmd/scratch/van/cas9/torchmd/wt-2139/28" failed: No such file or directory (2)
rsync: link_stat "/scratch/van/cas9/torchmd/scratch/van/cas9/torchmd/wt-2139/32" failed: No such file or directory (2)
rsync: link_stat "/scratch/van/cas9/torchmd/scratch/van/cas9/torchmd/wt-0729" failed: No such file or directory (2)
rsync: link_stat "/scratch/van/cas9/torchmd/scratch/van/cas9/torchmd/wt-0729/25" failed: No such file or directory (2)
rsync: link_stat "/scratch/van/cas9/torchmd/scratch/van/cas9/torchmd/wt-0729/30" failed: No such file or directory (2)
rsync: link_stat "/scratch/van/cas9/torchmd/scratch/van/cas9/torchmd/wt-0729/23" failed: No such file or directory (2)
rsync: link_stat "/scratch/van/cas9/torchmd/scratch/van/cas9/torchmd/wt-0729/38" failed: No such file or directory (2)
rsync error: some files/attrs were not transferred (see previous errors) (code 23) at main.c(1179) [sender=3.1.2]
rsync: link_stat "/scratch/van/cas9/torchmd/scratch/van/cas9/torchmd/wt-0729/37" failed: No such file or directory (2)
rsync: link_stat "/scratch/van/cas9/torchmd/scratch/van/cas9/torchmd/wt-0729/results0" failed: No such file or directory (2)
rsync: link_stat "/scratch/van/cas9/torchmd/scratch/van/cas9/torchmd/wt-0729/08" failed: No such file or directory (2)
rsync: link_stat "/scratch/van/cas9/torchmd/scratch/van/cas9/torchmd/wt-0729/input" failed: No such file or directory (2)
rsync: link_stat "/scratch/van/cas9/torchmd/scratch/van/cas9/torchmd/wt-0729/33" failed: No such file or directory (2)
rsync: link_stat "/scratch/van/cas9/torchmd/scratch/van/cas9/torchmd/wt-0729/29" failed: No such file or directory (2)
rsync: link_stat "/scratch/van/cas9/torchmd/scratch/van/cas9/torchmd/wt-0729/27" failed: No such file or directory (2)
rsync: link_stat "/scratch/van/cas9/torchmd/scratch/van/cas9/torchmd/wt-0729/40" failed: No such file or directory (2)
rsync: link_stat "/scratch/van/cas9/torchmd/scratch/van/cas9/torchmd/wt-0729/35" failed: No such file or directory (2)
rsync error: some files/attrs were not transferred (see previous errors) (code 23) at main.c(1179) [sender=3.1.2]
rsync: link_stat "/scratch/van/cas9/torchmd/scratch/van/cas9/torchmd/wt-0729/12" failed: No such file or directory (2)
rsync: link_stat "/scratch/van/cas9/torchmd/scratch/van/cas9/torchmd/wt-0729/18" failed: No such file or directory (2)
rsync: link_stat "/scratch/van/cas9/torchmd/scratch/van/cas9/torchmd/wt-0729/41" failed: No such file or directory (2)
rsync: link_stat "/scratch/van/cas9/torchmd/scratch/van/cas9/torchmd/wt-0729/11" failed: No such file or directory (2)
rsync: link_stat "/scratch/van/cas9/torchmd/scratch/van/cas9/torchmd/wt-0729/24" failed: No such file or directory (2)
rsync: link_stat "/scratch/van/cas9/torchmd/scratch/van/cas9/torchmd/wt-0729/04" failed: No such file or directory (2)
rsync: link_stat "/scratch/van/cas9/torchmd/scratch/van/cas9/torchmd/wt-0729/17" failed: No such file or directory (2)
rsync: link_stat "/scratch/van/cas9/torchmd/scratch/van/cas9/torchmd/wt-0729/22" failed: No such file or directory (2)
rsync: link_stat "/scratch/van/cas9/torchmd/scratch/van/cas9/torchmd/wt-0729/mbar" failed: No such file or directory (2)
rsync error: some files/attrs were not transferred (see previous errors) (code 23) at main.c(1179) [sender=3.1.2]
rsync: link_stat "/scratch/van/cas9/torchmd/scratch/van/cas9/torchmd/wt-0729/10" failed: No such file or directory (2)
rsync: link_stat "/scratch/van/cas9/torchmd/scratch/van/cas9/torchmd/wt-0729/00" failed: No such file or directory (2)
rsync: link_stat "/scratch/van/cas9/torchmd/scratch/van/cas9/torchmd/wt-0729/results1" failed: No such file or directory (2)
rsync: link_stat "/scratch/van/cas9/torchmd/scratch/van/cas9/torchmd/wt-0729/14" failed: No such file or directory (2)
rsync: link_stat "/scratch/van/cas9/torchmd/scratch/van/cas9/torchmd/wt-0729/36" failed: No such file or directory (2)
rsync: link_stat "/scratch/van/cas9/torchmd/scratch/van/cas9/torchmd/wt-0729/02" failed: No such file or directory (2)
rsync: link_stat "/scratch/van/cas9/torchmd/scratch/van/cas9/torchmd/wt-0729/20" failed: No such file or directory (2)
rsync: link_stat "/scratch/van/cas9/torchmd/scratch/van/cas9/torchmd/wt-0729/01" failed: No such file or directory (2)
rsync: link_stat "/scratch/van/cas9/torchmd/scratch/van/cas9/torchmd/wt-0729/16" failed: No such file or directory (2)
rsync error: some files/attrs were not transferred (see previous errors) (code 23) at main.c(1179) [sender=3.1.2]
rsync: link_stat "/scratch/van/cas9/torchmd/scratch/van/cas9/torchmd/wt-0729/31" failed: No such file or directory (2)
rsync: link_stat "/scratch/van/cas9/torchmd/scratch/van/cas9/torchmd/wt-0729/19" failed: No such file or directory (2)
rsync: link_stat "/scratch/van/cas9/torchmd/scratch/van/cas9/torchmd/wt-0729/21" failed: No such file or directory (2)
rsync: link_stat "/scratch/van/cas9/torchmd/scratch/van/cas9/torchmd/wt-0729/39" failed: No such file or directory (2)
rsync: link_stat "/scratch/van/cas9/torchmd/scratch/van/cas9/torchmd/wt-0729/34" failed: No such file or directory (2)
rsync: link_stat "/scratch/van/cas9/torchmd/scratch/van/cas9/torchmd/wt-0729/26" failed: No such file or directory (2)
rsync: link_stat "/scratch/van/cas9/torchmd/scratch/van/cas9/torchmd/wt-0729/03" failed: No such file or directory (2)
rsync: link_stat "/scratch/van/cas9/torchmd/scratch/van/cas9/torchmd/wt-0729/06" failed: No such file or directory (2)
rsync: link_stat "/scratch/van/cas9/torchmd/scratch/van/cas9/torchmd/wt-0729/05" failed: No such file or directory (2)
rsync error: some files/attrs were not transferred (see previous errors) (code 23) at main.c(1179) [sender=3.1.2]
rsync: link_stat "/scratch/van/cas9/torchmd/scratch/van/cas9/torchmd/wt-0729/13" failed: No such file or directory (2)
rsync: link_stat "/scratch/van/cas9/torchmd/scratch/van/cas9/torchmd/wt-0729/07" failed: No such file or directory (2)
rsync: link_stat "/scratch/van/cas9/torchmd/scratch/van/cas9/torchmd/wt-0729/09" failed: No such file or directory (2)
rsync: link_stat "/scratch/van/cas9/torchmd/scratch/van/cas9/torchmd/wt-0729/results2" failed: No such file or directory (2)
rsync: link_stat "/scratch/van/cas9/torchmd/scratch/van/cas9/torchmd/wt-0729/15" failed: No such file or directory (2)
rsync: link_stat "/scratch/van/cas9/torchmd/scratch/van/cas9/torchmd/wt-0729/28" failed: No such file or directory (2)
rsync: link_stat "/scratch/van/cas9/torchmd/scratch/van/cas9/torchmd/wt-0729/32" failed: No such file or directory (2)
rsync: link_stat "/scratch/van/cas9/torchmd/scratch/van/cas9/torchmd/reprocess" failed: No such file or directory (2)
rsync: link_stat "/scratch/van/cas9/torchmd/scratch/van/cas9/torchmd/reprocess/cpplog" failed: No such file or directory (2)
rsync error: some files/attrs were not transferred (see previous errors) (code 23) at main.c(1179) [sender=3.1.2]
rsync: link_stat "/scratch/van/cas9/torchmd/scratch/van/cas9/torchmd/mt-1449" failed: No such file or directory (2)
rsync: link_stat "/scratch/van/cas9/torchmd/scratch/van/cas9/torchmd/mt-1449/25" failed: No such file or directory (2)
rsync: link_stat "/scratch/van/cas9/torchmd/scratch/van/cas9/torchmd/mt-1449/30" failed: No such file or directory (2)
rsync: link_stat "/scratch/van/cas9/torchmd/scratch/van/cas9/torchmd/mt-1449/23" failed: No such file or directory (2)
rsync: link_stat "/scratch/van/cas9/torchmd/scratch/van/cas9/torchmd/mt-1449/38" failed: No such file or directory (2)
rsync: link_stat "/scratch/van/cas9/torchmd/scratch/van/cas9/torchmd/mt-1449/37" failed: No such file or directory (2)
rsync: link_stat "/scratch/van/cas9/torchmd/scratch/van/cas9/torchmd/mt-1449/08" failed: No such file or directory (2)
rsync: link_stat "/scratch/van/cas9/torchmd/scratch/van/cas9/torchmd/mt-1449/33" failed: No such file or directory (2)
rsync: link_stat "/scratch/van/cas9/torchmd/scratch/van/cas9/torchmd/mt-1449/29" failed: No such file or directory (2)
rsync error: some files/attrs were not transferred (see previous errors) (code 23) at main.c(1179) [sender=3.1.2]
rsync: link_stat "/scratch/van/cas9/torchmd/scratch/van/cas9/torchmd/mt-1449/27" failed: No such file or directory (2)
rsync: link_stat "/scratch/van/cas9/torchmd/scratch/van/cas9/torchmd/mt-1449/40" failed: No such file or directory (2)
rsync: link_stat "/scratch/van/cas9/torchmd/scratch/van/cas9/torchmd/mt-1449/35" failed: No such file or directory (2)
rsync: link_stat "/scratch/van/cas9/torchmd/scratch/van/cas9/torchmd/mt-1449/12" failed: No such file or directory (2)
rsync: link_stat "/scratch/van/cas9/torchmd/scratch/van/cas9/torchmd/mt-1449/18" failed: No such file or directory (2)
rsync: link_stat "/scratch/van/cas9/torchmd/scratch/van/cas9/torchmd/mt-1449/11" failed: No such file or directory (2)
rsync: link_stat "/scratch/van/cas9/torchmd/scratch/van/cas9/torchmd/mt-1449/24" failed: No such file or directory (2)
rsync: link_stat "/scratch/van/cas9/torchmd/scratch/van/cas9/torchmd/mt-1449/04" failed: No such file or directory (2)
rsync: link_stat "/scratch/van/cas9/torchmd/scratch/van/cas9/torchmd/mt-1449/17" failed: No such file or directory (2)
rsync error: some files/attrs were not transferred (see previous errors) (code 23) at main.c(1179) [sender=3.1.2]
rsync: link_stat "/scratch/van/cas9/torchmd/scratch/van/cas9/torchmd/mt-1449/22" failed: No such file or directory (2)
rsync: link_stat "/scratch/van/cas9/torchmd/scratch/van/cas9/torchmd/mt-1449/10" failed: No such file or directory (2)
rsync: link_stat "/scratch/van/cas9/torchmd/scratch/van/cas9/torchmd/mt-1449/00" failed: No such file or directory (2)
rsync: link_stat "/scratch/van/cas9/torchmd/scratch/van/cas9/torchmd/mt-1449/14" failed: No such file or directory (2)
rsync: link_stat "/scratch/van/cas9/torchmd/scratch/van/cas9/torchmd/mt-1449/36" failed: No such file or directory (2)
rsync: link_stat "/scratch/van/cas9/torchmd/scratch/van/cas9/torchmd/mt-1449/02" failed: No such file or directory (2)
rsync: link_stat "/scratch/van/cas9/torchmd/scratch/van/cas9/torchmd/mt-1449/20" failed: No such file or directory (2)
rsync: link_stat "/scratch/van/cas9/torchmd/scratch/van/cas9/torchmd/mt-1449/01" failed: No such file or directory (2)
rsync: link_stat "/scratch/van/cas9/torchmd/scratch/van/cas9/torchmd/mt-1449/16" failed: No such file or directory (2)
rsync error: some files/attrs were not transferred (see previous errors) (code 23) at main.c(1179) [sender=3.1.2]
rsync: link_stat "/scratch/van/cas9/torchmd/scratch/van/cas9/torchmd/mt-1449/31" failed: No such file or directory (2)
rsync: link_stat "/scratch/van/cas9/torchmd/scratch/van/cas9/torchmd/mt-1449/19" failed: No such file or directory (2)
rsync: link_stat "/scratch/van/cas9/torchmd/scratch/van/cas9/torchmd/mt-1449/21" failed: No such file or directory (2)
rsync: link_stat "/scratch/van/cas9/torchmd/scratch/van/cas9/torchmd/mt-1449/39" failed: No such file or directory (2)
rsync: link_stat "/scratch/van/cas9/torchmd/scratch/van/cas9/torchmd/mt-1449/34" failed: No such file or directory (2)
rsync: link_stat "/scratch/van/cas9/torchmd/scratch/van/cas9/torchmd/mt-1449/26" failed: No such file or directory (2)
rsync: link_stat "/scratch/van/cas9/torchmd/scratch/van/cas9/torchmd/mt-1449/03" failed: No such file or directory (2)
rsync: link_stat "/scratch/van/cas9/torchmd/scratch/van/cas9/torchmd/mt-1449/06" failed: No such file or directory (2)
rsync: link_stat "/scratch/van/cas9/torchmd/scratch/van/cas9/torchmd/mt-1449/05" failed: No such file or directory (2)
rsync error: some files/attrs were not transferred (see previous errors) (code 23) at main.c(1179) [sender=3.1.2]
rsync: link_stat "/scratch/van/cas9/torchmd/scratch/van/cas9/torchmd/mt-1449/13" failed: No such file or directory (2)
rsync: link_stat "/scratch/van/cas9/torchmd/scratch/van/cas9/torchmd/mt-1449/07" failed: No such file or directory (2)
rsync: link_stat "/scratch/van/cas9/torchmd/scratch/van/cas9/torchmd/mt-1449/09" failed: No such file or directory (2)
rsync: link_stat "/scratch/van/cas9/torchmd/scratch/van/cas9/torchmd/mt-1449/15" failed: No such file or directory (2)
rsync: link_stat "/scratch/van/cas9/torchmd/scratch/van/cas9/torchmd/mt-1449/28" failed: No such file or directory (2)
rsync: link_stat "/scratch/van/cas9/torchmd/scratch/van/cas9/torchmd/mt-1449/32" failed: No such file or directory (2)
rsync: link_stat "/scratch/van/cas9/torchmd/scratch/van/cas9/torchmd/.ipynb_checkpoints" failed: No such file or directory (2)
rsync error: some files/attrs were not transferred (see previous errors) (code 23) at main.c(1179) [sender=3.1.2]
